INFO:root:========================= Starting program at 2021-12-07 11:57:19.346576
INFO:root:========================= Starting program at 21, 92
INFO:root:Refreshing ...
INFO:root:========================= Starting program at 2021-12-07 11:58:09.862053
INFO:root:========================= Starting program at 21, 92
INFO:root:Refreshing ...
INFO:root:Refreshing ...
INFO:root:Refreshing ...
INFO:root:Refreshing ...
INFO:root:Refreshing ...
INFO:root:Refreshing ...
INFO:root:Refreshing ...
INFO:root:Refreshing ...
INFO:root:========================= Starting program at 2021-12-07 14:20:03.238728
INFO:root:========================= Starting program at 21, 92
INFO:root:Refreshing ...
INFO:root:Refreshing ...
INFO:root:Refreshing ...
INFO:root:Refreshing ...
INFO:root:Refreshing ...
INFO:root:Refreshing ...
INFO:root:Refreshing ...
INFO:root:Refreshing ...
INFO:root:Refreshing ...
INFO:root:Refreshing ...
INFO:root:Refreshing ...
INFO:root:Refreshing ...
INFO:root:Refreshing ...
INFO:root:Refreshing ...
INFO:root:Refreshing ...
INFO:root:Refreshing ...
INFO:root:Refreshing ...
INFO:root:Refreshing ...
INFO:root:Refreshing ...
INFO:root:Refreshing ...
INFO:root:========================= Starting program at 2025-10-26 20:37:23.608701
INFO:root:========================= Starting program at 23, 98
INFO:root:Refreshing ...
INFO:root:Refreshing ...
INFO:root:Refreshing ...
INFO:root:Refreshing ...
INFO:root:Refreshing ...
INFO:root:Refreshing ...
INFO:root:Refreshing ...
INFO:root:Refreshing ...
INFO:root:Refreshing ...
INFO:root:Refreshing ...
INFO:root:Refreshing ...
INFO:root:Refreshing ...
INFO:root:Refreshing ...
INFO:root:Refreshing ...
INFO:root:Refreshing ...
INFO:root:Refreshing ...
INFO:root:Refreshing ...
INFO:root:Refreshing ...
INFO:root:Refreshing ...
INFO:root:Refreshing ...
INFO:root:Refreshing ...
INFO:root:Refreshing ...
INFO:root:Refreshing ...
INFO:root:Refreshing ...
INFO:root:Refreshing ...
INFO:root:Refreshing ...
INFO:root:Refreshing ...
INFO:root:Refreshing ...
INFO:root:Refreshing ...
INFO:root:Refreshing ...
INFO:root:Refreshing ...
INFO:root:Refreshing ...
INFO:root:Refreshing ...
INFO:root:Refreshing ...
INFO:root:Refreshing ...
INFO:root:Refreshing ...
INFO:root:Refreshing ...
INFO:root:Refreshing ...
INFO:root:Refreshing ...
INFO:root:Refreshing ...
INFO:root:Refreshing ...
INFO:root:Refreshing ...
INFO:root:Refreshing ...
INFO:root:Refreshing ...
INFO:root:Refreshing ...
INFO:root:Refreshing ...
INFO:root:Refreshing ...
INFO:root:Refreshing ...
INFO:root:Refreshing ...
INFO:root:Refreshing ...
INFO:root:Refreshing ...
INFO:root:Refreshing ...
INFO:root:Refreshing ...
INFO:root:Refreshing ...
INFO:root:Refreshing ...
INFO:root:Refreshing ...
INFO:root:Refreshing ...
INFO:root:Refreshing ...
INFO:root:Refreshing ...
INFO:root:Refreshing ...
INFO:root:Refreshing ...
INFO:root:Refreshing ...
INFO:root:Refreshing ...
INFO:root:Refreshing ...
INFO:root:Refreshing ...
INFO:root:Refreshing ...
INFO:root:Refreshing ...
INFO:root:Refreshing ...
INFO:root:Refreshing ...
INFO:root:Refreshing ...
INFO:root:Refreshing ...
INFO:root:Refreshing ...
INFO:root:Refreshing ...
INFO:root:Refreshing ...
INFO:root:Refreshing ...
INFO:root:Refreshing ...
INFO:root:Refreshing ...
INFO:root:Refreshing ...
INFO:root:Refreshing ...
INFO:root:Refreshing ...
INFO:root:Refreshing ...
INFO:root:Refreshing ...
INFO:root:Refreshing ...
INFO:root:Refreshing ...
INFO:root:Refreshing ...
INFO:root:Refreshing ...
INFO:root:Refreshing ...
INFO:root:Refreshing ...
INFO:root:Refreshing ...
INFO:root:Refreshing ...
INFO:root:Refreshing ...
INFO:root:Refreshing ...
INFO:root:Refreshing ...
INFO:root:Refreshing ...
INFO:root:Refreshing ...
INFO:root:Refreshing ...
INFO:root:Refreshing ...
INFO:root:Refreshing ...
INFO:root:Refreshing ...
INFO:root:Refreshing ...
INFO:root:Refreshing ...
INFO:root:Refreshing ...
INFO:root:Refreshing ...
INFO:root:Refreshing ...
INFO:root:Refreshing ...
INFO:root:Refreshing ...
CRITICAL:root:
Date:2025-10-26 20:45:54.403494
Traceback (most recent call last):
  File "/home/ahmad/.local/bin/nodcast", line 33, in <module>
    sys.exit(load_entry_point('nodcast', 'console_scripts', 'nodcast')())
             ^^^^^^^^^^^^^^^^^^^^^^^^^^^^^^^^^^^^^^^^^^^^^^^^^^^^^^^^^^^
  File "/home/ahmad/nodcast/nodcast/nodcast.py", line 5492, in main
    wrapper(start)
  File "/usr/lib/python3.12/curses/__init__.py", line 94, in wrapper
    return func(stdscr, *args, **kwds)
           ^^^^^^^^^^^^^^^^^^^^^^^^^^^
  File "/home/ahmad/nodcast/nodcast/nodcast.py", line 4384, in start
    ch, menu, mi = show_menu(menu, options, shortkeys=shortkeys, mi=mi, subwins=subwins, title=main_title,
                   ^^^^^^^^^^^^^^^^^^^^^^^^^^^^^^^^^^^^^^^^^^^^^^^^^^^^^^^^^^^^^^^^^^^^^^^^^^^^^^^^^^^^^^^
  File "/home/ahmad/nodcast/nodcast/nodcast.py", line 4142, in show_menu
    si, canceled, st = open_submenu(sub_menu_win, options, sel, si, title)
                       ^^^^^^^^^^^^^^^^^^^^^^^^^^^^^^^^^^^^^^^^^^^^^^^^^^^
TypeError: open_submenu() missing 1 required positional argument: 'std'
INFO:root:========================= Starting program at 2025-10-26 20:53:49.906196
INFO:root:========================= Starting program at 23, 98
INFO:root:Refreshing ...
INFO:root:Refreshing ...
INFO:root:Refreshing ...
INFO:root:Refreshing ...
INFO:root:Refreshing ...
INFO:root:Refreshing ...
INFO:root:Refreshing ...
INFO:root:Refreshing ...
INFO:root:Refreshing ...
INFO:root:Refreshing ...
INFO:root:Refreshing ...
INFO:root:Refreshing ...
INFO:root:Refreshing ...
INFO:root:Refreshing ...
INFO:root:Refreshing ...
INFO:root:Refreshing ...
INFO:root:Refreshing ...
INFO:root:Refreshing ...
INFO:root:Refreshing ...
INFO:root:Refreshing ...
INFO:root:Refreshing ...
INFO:root:Refreshing ...
INFO:root:Refreshing ...
INFO:root:Refreshing ...
INFO:root:Refreshing ...
INFO:root:Refreshing ...
INFO:root:Refreshing ...
INFO:root:Refreshing ...
INFO:root:Refreshing ...
INFO:root:Refreshing ...
INFO:root:Refreshing ...
INFO:root:Refreshing ...
INFO:root:Refreshing ...
INFO:root:Refreshing ...
INFO:root:Refreshing ...
INFO:root:Refreshing ...
INFO:root:Refreshing ...
INFO:root:Refreshing ...
INFO:root:Refreshing ...
INFO:root:Refreshing ...
INFO:root:Refreshing ...
INFO:root:Refreshing ...
INFO:root:Refreshing ...
INFO:root:Refreshing ...
INFO:root:Refreshing ...
INFO:root:Refreshing ...
INFO:root:Refreshing ...
INFO:root:Refreshing ...
INFO:root:Refreshing ...
INFO:root:Refreshing ...
INFO:root:Refreshing ...
INFO:root:Refreshing ...
INFO:root:Refreshing ...
INFO:root:Refreshing ...
INFO:root:Refreshing ...
INFO:root:Refreshing ...
INFO:root:Refreshing ...
INFO:root:Refreshing ...
INFO:root:Refreshing ...
INFO:root:Refreshing ...
INFO:root:Refreshing ...
INFO:root:Refreshing ...
INFO:root:Refreshing ...
INFO:root:Refreshing ...
INFO:root:Refreshing ...
INFO:root:Refreshing ...
INFO:root:Refreshing ...
INFO:root:Refreshing ...
INFO:root:Refreshing ...
INFO:root:Refreshing ...
INFO:root:Refreshing ...
INFO:root:Refreshing ...
INFO:root:Refreshing ...
INFO:root:Refreshing ...
INFO:root:Refreshing ...
INFO:root:Refreshing ...
INFO:root:Refreshing ...
INFO:root:Refreshing ...
INFO:root:Refreshing ...
INFO:root:Refreshing ...
INFO:root:Refreshing ...
INFO:root:Refreshing ...
INFO:root:Refreshing ...
INFO:root:Refreshing ...
INFO:root:Refreshing ...
CRITICAL:root:
Date:2025-10-26 20:56:48.741352
Traceback (most recent call last):
  File "/home/ahmad/.local/bin/nodcast", line 33, in <module>
    sys.exit(load_entry_point('nodcast', 'console_scripts', 'nodcast')())
             ^^^^^^^^^^^^^^^^^^^^^^^^^^^^^^^^^^^^^^^^^^^^^^^^^^^^^^^^^^^
  File "/home/ahmad/nodcast/nodcast/nodcast.py", line 5492, in main
    wrapper(start)
  File "/usr/lib/python3.12/curses/__init__.py", line 94, in wrapper
    return func(stdscr, *args, **kwds)
           ^^^^^^^^^^^^^^^^^^^^^^^^^^^
  File "/home/ahmad/nodcast/nodcast/nodcast.py", line 4473, in start
    show_files(save_folder, exts=['*.txt', '*.artid', "*.listid", '*.art','*.pdf','*.list','*.json','*.squad','*.prc'], extract=True)
  File "/home/ahmad/nodcast/nodcast/nodcast.py", line 4752, in show_files
    with open(ref_artid, 'w') as outfile:
         ^^^^^^^^^^^^^^^^^^^^
FileNotFoundError: [Errno 2] No such file or directory: '/home/ahmad/Documents/Checkideh/Knowledge Graph/Files/2025-10-26/test-m.pdf.txt.artid'
INFO:root:========================= Starting program at 2025-10-26 20:57:03.709403
INFO:root:========================= Starting program at 23, 98
INFO:root:Refreshing ...
INFO:root:Refreshing ...
INFO:root:Refreshing ...
INFO:root:Refreshing ...
INFO:root:Refreshing ...
INFO:root:Refreshing ...
INFO:root:Refreshing ...
INFO:root:Refreshing ...
INFO:root:Refreshing ...
INFO:root:Refreshing ...
INFO:root:Refreshing ...
INFO:root:Refreshing ...
INFO:root:Refreshing ...
INFO:root:Refreshing ...
INFO:root:Refreshing ...
INFO:root:undefined: <PDFType1Font: basefont='COJHMH+CMSY9'>, 2
INFO:root:undefined: <PDFType1Font: basefont='COJIAJ+CMSY7'>, 2
INFO:root:undefined: <PDFType1Font: basefont='COJIAJ+CMSY7'>, 2
INFO:root:undefined: <PDFType1Font: basefont='COJIAJ+CMSY7'>, 2
INFO:root:undefined: <PDFType1Font: basefont='COJICM+CMEX10'>, 2
INFO:root:undefined: <PDFType1Font: basefont='COJICM+CMEX10'>, 3
INFO:root:undefined: <PDFType1Font: basefont='COJIAK+CMSY10'>, 6
INFO:root:undefined: <PDFType1Font: basefont='COJIAK+CMSY10'>, 6
CRITICAL:root:
Date:2025-10-26 20:57:26.958443
Traceback (most recent call last):
  File "/home/ahmad/.local/bin/nodcast", line 33, in <module>
    sys.exit(load_entry_point('nodcast', 'console_scripts', 'nodcast')())
             ^^^^^^^^^^^^^^^^^^^^^^^^^^^^^^^^^^^^^^^^^^^^^^^^^^^^^^^^^^^
  File "/home/ahmad/nodcast/nodcast/nodcast.py", line 5492, in main
    wrapper(start)
  File "/usr/lib/python3.12/curses/__init__.py", line 94, in wrapper
    return func(stdscr, *args, **kwds)
           ^^^^^^^^^^^^^^^^^^^^^^^^^^^
  File "/home/ahmad/nodcast/nodcast/nodcast.py", line 4473, in start
    show_files(save_folder, exts=['*.txt', '*.artid', "*.listid", '*.art','*.pdf','*.list','*.json','*.squad','*.prc'], extract=True)
  File "/home/ahmad/nodcast/nodcast/nodcast.py", line 4760, in show_files
    show_article(art)
  File "/home/ahmad/nodcast/nodcast/nodcast.py", line 1722, in show_article
    first_frag = art["sections"][0]['fragments'][0]
                 ~~~~~~~~~~~~~~~~~~~~~~~~~~~~~~~^^^
IndexError: list index out of range
INFO:root:========================= Starting program at 2025-10-26 20:57:57.485080
INFO:root:========================= Starting program at 23, 98
INFO:root:Refreshing ...
INFO:root:Refreshing ...
INFO:root:Refreshing ...
INFO:root:Refreshing ...
INFO:root:Refreshing ...
INFO:root:Refreshing ...
INFO:root:Refreshing ...
CRITICAL:root:
Date:2025-10-26 20:58:01.981947
Traceback (most recent call last):
  File "/home/ahmad/.local/bin/nodcast", line 33, in <module>
    sys.exit(load_entry_point('nodcast', 'console_scripts', 'nodcast')())
             ^^^^^^^^^^^^^^^^^^^^^^^^^^^^^^^^^^^^^^^^^^^^^^^^^^^^^^^^^^^
  File "/home/ahmad/nodcast/nodcast/nodcast.py", line 5492, in main
    wrapper(start)
  File "/usr/lib/python3.12/curses/__init__.py", line 94, in wrapper
    return func(stdscr, *args, **kwds)
           ^^^^^^^^^^^^^^^^^^^^^^^^^^^
  File "/home/ahmad/nodcast/nodcast/nodcast.py", line 4473, in start
    show_files(save_folder, exts=['*.txt', '*.artid', "*.listid", '*.art','*.pdf','*.list','*.json','*.squad','*.prc'], extract=True)
  File "/home/ahmad/nodcast/nodcast/nodcast.py", line 4760, in show_files
    show_article(art)
  File "/home/ahmad/nodcast/nodcast/nodcast.py", line 1722, in show_article
    first_frag = art["sections"][0]['fragments'][0]
                 ~~~~~~~~~~~~~~~~~~~~~~~~~~~~~~~^^^
IndexError: list index out of range
INFO:root:========================= Starting program at 2025-10-26 20:58:35.766661
INFO:root:========================= Starting program at 23, 98
INFO:root:Refreshing ...
INFO:root:Refreshing ...
INFO:root:Refreshing ...
INFO:root:Refreshing ...
INFO:root:Refreshing ...
INFO:root:Refreshing ...
INFO:root:Refreshing ...
INFO:root:Refreshing ...
INFO:root:Refreshing ...
INFO:root:Refreshing ...
INFO:root:Refreshing ...
INFO:root:Refreshing ...
INFO:root:Article:The Thirty-Fourth AAAI Conference on Artiﬁcial Intelligence (AAAI-20)
CRITICAL:root:
Date:2025-10-26 20:58:54.460237
Traceback (most recent call last):
  File "/home/ahmad/.local/bin/nodcast", line 33, in <module>
    sys.exit(load_entry_point('nodcast', 'console_scripts', 'nodcast')())
             ^^^^^^^^^^^^^^^^^^^^^^^^^^^^^^^^^^^^^^^^^^^^^^^^^^^^^^^^^^^
  File "/home/ahmad/nodcast/nodcast/nodcast.py", line 5493, in main
    wrapper(start)
  File "/usr/lib/python3.12/curses/__init__.py", line 94, in wrapper
    return func(stdscr, *args, **kwds)
           ^^^^^^^^^^^^^^^^^^^^^^^^^^^
  File "/home/ahmad/nodcast/nodcast/nodcast.py", line 4474, in start
    show_files(save_folder, exts=['*.txt', '*.artid', "*.listid", '*.art','*.pdf','*.list','*.json','*.squad','*.prc'], extract=True)
  File "/home/ahmad/nodcast/nodcast/nodcast.py", line 4797, in show_files
    show_article(art, collect_art=collect_art)
  File "/home/ahmad/nodcast/nodcast/nodcast.py", line 1983, in show_article
    print_prog(text_win, total_prog, width)
  File "/home/ahmad/nodcast/nodcast/nodcast.py", line 1234, in print_prog
    cur.init_pair(TEMP_COLOR2, back_color, d_color % cur.COLORS)
TypeError: 'NoneType' object cannot be interpreted as an integer
